[ecopak-8q1k-staging.b12sites.com/index.html]
[backblue.gif]
[fade.gif]
[index.html]
[code.jquery.com/jquery-3.3.1.min.js]
[cdn.b12.io/client_media/5d86N7Kk/91575b14-5768-11f0-9eb4-0242ac110002-png-hero_image.png]
[cdn.b12.io/client_media/5d86N7Kk/92c538e4-5769-11f0-b5f5-0242ac110002-jpeg-hero_image.jpg]
[cdn.b12.io/client_media/5d86N7Kk/93186456-5769-11f0-b5f5-0242ac110002-jpeg-regular_image.jpg]
[cdn.b12.io/client_media/5d86N7Kk/d45b8dee-5769-11f0-8f6f-0242ac110002-jpeg-hero_image.jpg]
[cdn.b12.io/client_media/5d86N7Kk/148e2de0-576a-11f0-add1-0242ac110002-png-hero_image.png]
[cdn.b12.io/client_media/5d86N7Kk/748bf22c-576a-11f0-b33f-0242ac110002-jpg-hero_image.jpg]
[cdn.b12.io/client_media/5d86N7Kk/86884dfc-5767-11f0-a60e-0242ac110002-jpg-hero_image.jpg]
[cdn.b12.io/client_media/5d86N7Kk/869e9468-5767-11f0-a60e-0242ac110002-jpg-regular_image.jpg]
[cdn.b12.io/client_media/5d86N7Kk/86b1da78-5767-11f0-a60e-0242ac110002-jpg-hero_image.jpg]
[cdn.b12.io/client_media/5d86N7Kk/86c85276-5767-11f0-a60e-0242ac110002-jpg-regular_image.jpg]
[cdn.b12.io/client_media/5d86N7Kk/74a4748c-576a-11f0-b33f-0242ac110002-jpg-regular_image.jpg]
[cdn.b12.io/prod_traffic/global.js]
[www.google.com/recaptcha/apifb47.js]
[ecopak-8q1k-staging.b12sites.com/index.html]
[ecopak-8q1k-staging.b12sites.com/index-2.html]
